<?xml version="1.0" encoding="UTF-8"?>
<testng-results ignored="0" total="1" passed="1" failed="0" skipped="0">
  <reporter-output>
  </reporter-output>
  <suite started-at="2025-03-08T21:24:05 IST" name="Suite" finished-at="2025-03-08T21:24:15 IST" duration-ms="10086">
    <groups>
    </groups>
    <test started-at="2025-03-08T21:24:05 IST" name="Test" finished-at="2025-03-08T21:24:15 IST" duration-ms="10086">
      <class name="maven.testng.loginUserNew">
        <test-method is-config="true" signature="lauchBrowser()[pri:0, instance:maven.testng.loginUserNew@43bc63a3]" started-at="2025-03-08T21:24:05 IST" name="lauchBrowser" finished-at="2025-03-08T21:24:14 IST" duration-ms="9177" status="PASS">
          <reporter-output>
          </reporter-output>
        </test-method> <!-- lauchBrowser -->
        <test-method signature="titleTest()[pri:0, instance:maven.testng.loginUserNew@43bc63a3]" started-at="2025-03-08T21:24:14 IST" name="titleTest" finished-at="2025-03-08T21:24:15 IST" duration-ms="804" status="PASS">
          <reporter-output>
          </reporter-output>
        </test-method> <!-- titleTest -->
        <test-method is-config="true" signature="closeBroswer()[pri:0, instance:maven.testng.loginUserNew@43bc63a3]" started-at="2025-03-08T21:24:15 IST" name="closeBroswer" finished-at="2025-03-08T21:24:15 IST" duration-ms="57" status="PASS">
          <reporter-output>
          </reporter-output>
        </test-method> <!-- closeBroswer -->
      </class> <!-- maven.testng.loginUserNew -->
    </test> <!-- Test -->
  </suite> <!-- Suite -->
</testng-results>
